<?xml version="1.0" encoding="UTF-8" ?>
<testsuite failures="0" time="3.429" errors="0" skipped="0" tests="2" name="slib.sgli.test.algo.graph.reduction.dag.Test_GraphReduction_Transitive">
  <properties>
    <property name="java.runtime.name" value="Java(TM) SE Runtime Environment"/>
    <property name="sun.boot.library.path" value="/usr/lib/jvm/jdk1.6.0_32/jre/lib/amd64"/>
    <property name="java.vm.version" value="20.7-b02"/>
    <property name="java.vm.vendor" value="Sun Microsystems Inc."/>
    <property name="java.vendor.url" value="http://java.sun.com/"/>
    <property name="path.separator" value=":"/>
    <property name="java.vm.name" value="Java HotSpot(TM) 64-Bit Server VM"/>
    <property name="file.encoding.pkg" value="sun.io"/>
    <property name="user.country" value="US"/>
    <property name="sun.java.launcher" value="SUN_STANDARD"/>
    <property name="sun.os.patch.level" value="unknown"/>
    <property name="java.vm.specification.name" value="Java Virtual Machine Specification"/>
    <property name="user.dir" value="/home/seb/development/java/workspace/slib/sglib/sglib-test"/>
    <property name="java.runtime.version" value="1.6.0_32-b05"/>
    <property name="java.awt.graphicsenv" value="sun.awt.X11GraphicsEnvironment"/>
    <property name="basedir" value="/home/seb/development/java/workspace/slib/sglib/sglib-test"/>
    <property name="java.endorsed.dirs" value="/usr/lib/jvm/jdk1.6.0_32/jre/lib/endorsed"/>
    <property name="os.arch" value="amd64"/>
    <property name="surefire.real.class.path" value="/home/seb/development/java/workspace/slib/sglib/sglib-test/target/surefire/surefirebooter147461392341428123.jar"/>
    <property name="java.io.tmpdir" value="/tmp"/>
    <property name="line.separator" value="
"/>
    <property name="java.vm.specification.vendor" value="Sun Microsystems Inc."/>
    <property name="os.name" value="Linux"/>
    <property name="sun.jnu.encoding" value="UTF-8"/>
    <property name="java.library.path" value="/usr/lib/jvm/jdk1.6.0_32/jre/lib/amd64/server:/usr/lib/jvm/jdk1.6.0_32/jre/lib/amd64:/usr/lib/jvm/jdk1.6.0_32/jre/../lib/amd64:/usr/lib/jvm/java-6-sun-1.6.0.26/jre/lib/amd64/server:/usr/lib/jvm/java-6-sun-1.6.0.26/jre/lib/amd64:/usr/lib/jvm/java-6-sun-1.6.0.26/jre/../lib/amd64:/usr/java/packages/lib/amd64:/usr/lib64:/lib64:/lib:/usr/lib"/>
    <property name="surefire.test.class.path" value="/home/seb/development/java/workspace/slib/sglib/sglib-test/target/test-classes:/home/seb/development/java/workspace/slib/sglib/sglib-test/target/classes:/home/seb/.m2/repository/junit/junit/4.0/junit-4.0.jar:/home/seb/development/java/workspace/slib/sglib/sglib-algo/target/sglib-algo-0.0.2.jar:/home/seb/.m2/repository/org/slf4j/slf4j-api/1.5.6/slf4j-api-1.5.6.jar:/home/seb/.m2/repository/org/slf4j/slf4j-log4j12/1.5.6/slf4j-log4j12-1.5.6.jar:/home/seb/.m2/repository/log4j/log4j/1.2.14/log4j-1.2.14.jar:/home/seb/development/java/workspace/slib/sglib/sglib-io/target/sglib-io-0.0.2.jar:/home/seb/development/java/workspace/slib/slib-indexer/target/slib-indexer-0.0.2.jar:/home/seb/development/java/workspace/slib/sglib/sglib-model/target/sglib-model-0.0.2.jar:/home/seb/.m2/repository/org/openrdf/sesame/sesame-runtime/2.6.9/sesame-runtime-2.6.9.jar:/home/seb/.m2/repository/org/openrdf/sesame/sesame-model/2.6.9/sesame-model-2.6.9.jar:/home/seb/.m2/repository/org/openrdf/sesame/sesame-query/2.6.9/sesame-query-2.6.9.jar:/home/seb/.m2/repository/org/openrdf/sesame/sesame-queryalgebra-model/2.6.9/sesame-queryalgebra-model-2.6.9.jar:/home/seb/.m2/repository/org/openrdf/sesame/sesame-queryparser-api/2.6.9/sesame-queryparser-api-2.6.9.jar:/home/seb/.m2/repository/org/openrdf/sesame/sesame-queryparser-serql/2.6.9/sesame-queryparser-serql-2.6.9.jar:/home/seb/.m2/repository/org/openrdf/sesame/sesame-queryparser-sparql/2.6.9/sesame-queryparser-sparql-2.6.9.jar:/home/seb/.m2/repository/org/openrdf/sesame/sesame-queryresultio-api/2.6.9/sesame-queryresultio-api-2.6.9.jar:/home/seb/.m2/repository/org/openrdf/sesame/sesame-queryresultio-binary/2.6.9/sesame-queryresultio-binary-2.6.9.jar:/home/seb/.m2/repository/org/openrdf/sesame/sesame-queryresultio-sparqljson/2.6.9/sesame-queryresultio-sparqljson-2.6.9.jar:/home/seb/.m2/repository/org/openrdf/sesame/sesame-queryresultio-sparqlxml/2.6.9/sesame-queryresultio-sparqlxml-2.6.9.jar:/home/seb/.m2/repository/org/openrdf/sesame/sesame-queryresultio-text/2.6.9/sesame-queryresultio-text-2.6.9.jar:/home/seb/.m2/repository/net/sf/opencsv/opencsv/2.0/opencsv-2.0.jar:/home/seb/.m2/repository/org/openrdf/sesame/sesame-repository-api/2.6.9/sesame-repository-api-2.6.9.jar:/home/seb/.m2/repository/org/openrdf/sesame/sesame-repository-manager/2.6.9/sesame-repository-manager-2.6.9.jar:/home/seb/.m2/repository/org/openrdf/sesame/sesame-repository-event/2.6.9/sesame-repository-event-2.6.9.jar:/home/seb/.m2/repository/org/openrdf/sesame/sesame-repository-http/2.6.9/sesame-repository-http-2.6.9.jar:/home/seb/.m2/repository/org/openrdf/sesame/sesame-repository-sail/2.6.9/sesame-repository-sail-2.6.9.jar:/home/seb/.m2/repository/org/openrdf/sesame/sesame-repository-dataset/2.6.9/sesame-repository-dataset-2.6.9.jar:/home/seb/.m2/repository/org/openrdf/sesame/sesame-repository-contextaware/2.6.9/sesame-repository-contextaware-2.6.9.jar:/home/seb/.m2/repository/org/openrdf/sesame/sesame-http-protocol/2.6.9/sesame-http-protocol-2.6.9.jar:/home/seb/.m2/repository/org/openrdf/sesame/sesame-http-client/2.6.9/sesame-http-client-2.6.9.jar:/home/seb/.m2/repository/commons-httpclient/commons-httpclient/3.1/commons-httpclient-3.1.jar:/home/seb/.m2/repository/commons-codec/commons-codec/1.4/commons-codec-1.4.jar:/home/seb/.m2/repository/org/openrdf/sesame/sesame-rio-api/2.6.9/sesame-rio-api-2.6.9.jar:/home/seb/.m2/repository/org/openrdf/sesame/sesame-rio-binary/2.6.9/sesame-rio-binary-2.6.9.jar:/home/seb/.m2/repository/org/openrdf/sesame/sesame-rio-ntriples/2.6.9/sesame-rio-ntriples-2.6.9.jar:/home/seb/.m2/repository/org/openrdf/sesame/sesame-rio-trix/2.6.9/sesame-rio-trix-2.6.9.jar:/home/seb/.m2/repository/org/openrdf/sesame/sesame-rio-turtle/2.6.9/sesame-rio-turtle-2.6.9.jar:/home/seb/.m2/repository/org/openrdf/sesame/sesame-rio-trig/2.6.9/sesame-rio-trig-2.6.9.jar:/home/seb/.m2/repository/org/openrdf/sesame/sesame-sail-api/2.6.9/sesame-sail-api-2.6.9.jar:/home/seb/.m2/repository/org/openrdf/sesame/sesame-sail-inferencer/2.6.9/sesame-sail-inferencer-2.6.9.jar:/home/seb/.m2/repository/org/openrdf/sesame/sesame-sail-memory/2.6.9/sesame-sail-memory-2.6.9.jar:/home/seb/.m2/repository/org/openrdf/sesame/sesame-queryalgebra-evaluation/2.6.9/sesame-queryalgebra-evaluation-2.6.9.jar:/home/seb/.m2/repository/org/openrdf/sesame/sesame-repository-sparql/2.6.9/sesame-repository-sparql-2.6.9.jar:/home/seb/.m2/repository/org/openrdf/sesame/sesame-sail-nativerdf/2.6.9/sesame-sail-nativerdf-2.6.9.jar:/home/seb/.m2/repository/org/openrdf/sesame/sesame-sail-rdbms/2.6.9/sesame-sail-rdbms-2.6.9.jar:/home/seb/.m2/repository/commons-dbcp/commons-dbcp/1.3/commons-dbcp-1.3.jar:/home/seb/.m2/repository/commons-pool/commons-pool/1.5.4/commons-pool-1.5.4.jar:/home/seb/.m2/repository/org/openrdf/sesame/sesame-rio-rdfxml/2.6.8/sesame-rio-rdfxml-2.6.8.jar:/home/seb/.m2/repository/org/openrdf/sesame/sesame-util/2.6.8/sesame-util-2.6.8.jar:/home/seb/.m2/repository/org/openrdf/sesame/sesame-rio-n3/2.6.8/sesame-rio-n3-2.6.8.jar:/home/seb/.m2/repository/com/tinkerpop/blueprints/blueprints-core/2.1.0/blueprints-core-2.1.0.jar:/home/seb/.m2/repository/org/codehaus/jettison/jettison/1.3/jettison-1.3.jar:/home/seb/.m2/repository/stax/stax-api/1.0.1/stax-api-1.0.1.jar:/home/seb/.m2/repository/org/codehaus/jackson/jackson-core-asl/1.8.5/jackson-core-asl-1.8.5.jar:/home/seb/.m2/repository/org/codehaus/jackson/jackson-mapper-asl/1.8.5/jackson-mapper-asl-1.8.5.jar:/home/seb/.m2/repository/colt/colt/1.2.0/colt-1.2.0.jar:/home/seb/.m2/repository/concurrent/concurrent/1.3.4/concurrent-1.3.4.jar:/home/seb/development/java/workspace/slib/slib-utils/target/slib-utils-0.0.2.jar:"/>
    <property name="java.specification.name" value="Java Platform API Specification"/>
    <property name="java.class.version" value="50.0"/>
    <property name="sun.management.compiler" value="HotSpot 64-Bit Tiered Compilers"/>
    <property name="os.version" value="3.2.0-30-generic"/>
    <property name="user.home" value="/home/seb"/>
    <property name="user.timezone" value=""/>
    <property name="java.awt.printerjob" value="sun.print.PSPrinterJob"/>
    <property name="file.encoding" value="UTF-8"/>
    <property name="java.specification.version" value="1.6"/>
    <property name="user.name" value="seb"/>
    <property name="java.class.path" value="/home/seb/development/java/workspace/slib/sglib/sglib-test/target/test-classes:/home/seb/development/java/workspace/slib/sglib/sglib-test/target/classes:/home/seb/.m2/repository/junit/junit/4.0/junit-4.0.jar:/home/seb/development/java/workspace/slib/sglib/sglib-algo/target/sglib-algo-0.0.2.jar:/home/seb/.m2/repository/org/slf4j/slf4j-api/1.5.6/slf4j-api-1.5.6.jar:/home/seb/.m2/repository/org/slf4j/slf4j-log4j12/1.5.6/slf4j-log4j12-1.5.6.jar:/home/seb/.m2/repository/log4j/log4j/1.2.14/log4j-1.2.14.jar:/home/seb/development/java/workspace/slib/sglib/sglib-io/target/sglib-io-0.0.2.jar:/home/seb/development/java/workspace/slib/slib-indexer/target/slib-indexer-0.0.2.jar:/home/seb/development/java/workspace/slib/sglib/sglib-model/target/sglib-model-0.0.2.jar:/home/seb/.m2/repository/org/openrdf/sesame/sesame-runtime/2.6.9/sesame-runtime-2.6.9.jar:/home/seb/.m2/repository/org/openrdf/sesame/sesame-model/2.6.9/sesame-model-2.6.9.jar:/home/seb/.m2/repository/org/openrdf/sesame/sesame-query/2.6.9/sesame-query-2.6.9.jar:/home/seb/.m2/repository/org/openrdf/sesame/sesame-queryalgebra-model/2.6.9/sesame-queryalgebra-model-2.6.9.jar:/home/seb/.m2/repository/org/openrdf/sesame/sesame-queryparser-api/2.6.9/sesame-queryparser-api-2.6.9.jar:/home/seb/.m2/repository/org/openrdf/sesame/sesame-queryparser-serql/2.6.9/sesame-queryparser-serql-2.6.9.jar:/home/seb/.m2/repository/org/openrdf/sesame/sesame-queryparser-sparql/2.6.9/sesame-queryparser-sparql-2.6.9.jar:/home/seb/.m2/repository/org/openrdf/sesame/sesame-queryresultio-api/2.6.9/sesame-queryresultio-api-2.6.9.jar:/home/seb/.m2/repository/org/openrdf/sesame/sesame-queryresultio-binary/2.6.9/sesame-queryresultio-binary-2.6.9.jar:/home/seb/.m2/repository/org/openrdf/sesame/sesame-queryresultio-sparqljson/2.6.9/sesame-queryresultio-sparqljson-2.6.9.jar:/home/seb/.m2/repository/org/openrdf/sesame/sesame-queryresultio-sparqlxml/2.6.9/sesame-queryresultio-sparqlxml-2.6.9.jar:/home/seb/.m2/repository/org/openrdf/sesame/sesame-queryresultio-text/2.6.9/sesame-queryresultio-text-2.6.9.jar:/home/seb/.m2/repository/net/sf/opencsv/opencsv/2.0/opencsv-2.0.jar:/home/seb/.m2/repository/org/openrdf/sesame/sesame-repository-api/2.6.9/sesame-repository-api-2.6.9.jar:/home/seb/.m2/repository/org/openrdf/sesame/sesame-repository-manager/2.6.9/sesame-repository-manager-2.6.9.jar:/home/seb/.m2/repository/org/openrdf/sesame/sesame-repository-event/2.6.9/sesame-repository-event-2.6.9.jar:/home/seb/.m2/repository/org/openrdf/sesame/sesame-repository-http/2.6.9/sesame-repository-http-2.6.9.jar:/home/seb/.m2/repository/org/openrdf/sesame/sesame-repository-sail/2.6.9/sesame-repository-sail-2.6.9.jar:/home/seb/.m2/repository/org/openrdf/sesame/sesame-repository-dataset/2.6.9/sesame-repository-dataset-2.6.9.jar:/home/seb/.m2/repository/org/openrdf/sesame/sesame-repository-contextaware/2.6.9/sesame-repository-contextaware-2.6.9.jar:/home/seb/.m2/repository/org/openrdf/sesame/sesame-http-protocol/2.6.9/sesame-http-protocol-2.6.9.jar:/home/seb/.m2/repository/org/openrdf/sesame/sesame-http-client/2.6.9/sesame-http-client-2.6.9.jar:/home/seb/.m2/repository/commons-httpclient/commons-httpclient/3.1/commons-httpclient-3.1.jar:/home/seb/.m2/repository/commons-codec/commons-codec/1.4/commons-codec-1.4.jar:/home/seb/.m2/repository/org/openrdf/sesame/sesame-rio-api/2.6.9/sesame-rio-api-2.6.9.jar:/home/seb/.m2/repository/org/openrdf/sesame/sesame-rio-binary/2.6.9/sesame-rio-binary-2.6.9.jar:/home/seb/.m2/repository/org/openrdf/sesame/sesame-rio-ntriples/2.6.9/sesame-rio-ntriples-2.6.9.jar:/home/seb/.m2/repository/org/openrdf/sesame/sesame-rio-trix/2.6.9/sesame-rio-trix-2.6.9.jar:/home/seb/.m2/repository/org/openrdf/sesame/sesame-rio-turtle/2.6.9/sesame-rio-turtle-2.6.9.jar:/home/seb/.m2/repository/org/openrdf/sesame/sesame-rio-trig/2.6.9/sesame-rio-trig-2.6.9.jar:/home/seb/.m2/repository/org/openrdf/sesame/sesame-sail-api/2.6.9/sesame-sail-api-2.6.9.jar:/home/seb/.m2/repository/org/openrdf/sesame/sesame-sail-inferencer/2.6.9/sesame-sail-inferencer-2.6.9.jar:/home/seb/.m2/repository/org/openrdf/sesame/sesame-sail-memory/2.6.9/sesame-sail-memory-2.6.9.jar:/home/seb/.m2/repository/org/openrdf/sesame/sesame-queryalgebra-evaluation/2.6.9/sesame-queryalgebra-evaluation-2.6.9.jar:/home/seb/.m2/repository/org/openrdf/sesame/sesame-repository-sparql/2.6.9/sesame-repository-sparql-2.6.9.jar:/home/seb/.m2/repository/org/openrdf/sesame/sesame-sail-nativerdf/2.6.9/sesame-sail-nativerdf-2.6.9.jar:/home/seb/.m2/repository/org/openrdf/sesame/sesame-sail-rdbms/2.6.9/sesame-sail-rdbms-2.6.9.jar:/home/seb/.m2/repository/commons-dbcp/commons-dbcp/1.3/commons-dbcp-1.3.jar:/home/seb/.m2/repository/commons-pool/commons-pool/1.5.4/commons-pool-1.5.4.jar:/home/seb/.m2/repository/org/openrdf/sesame/sesame-rio-rdfxml/2.6.8/sesame-rio-rdfxml-2.6.8.jar:/home/seb/.m2/repository/org/openrdf/sesame/sesame-util/2.6.8/sesame-util-2.6.8.jar:/home/seb/.m2/repository/org/openrdf/sesame/sesame-rio-n3/2.6.8/sesame-rio-n3-2.6.8.jar:/home/seb/.m2/repository/com/tinkerpop/blueprints/blueprints-core/2.1.0/blueprints-core-2.1.0.jar:/home/seb/.m2/repository/org/codehaus/jettison/jettison/1.3/jettison-1.3.jar:/home/seb/.m2/repository/stax/stax-api/1.0.1/stax-api-1.0.1.jar:/home/seb/.m2/repository/org/codehaus/jackson/jackson-core-asl/1.8.5/jackson-core-asl-1.8.5.jar:/home/seb/.m2/repository/org/codehaus/jackson/jackson-mapper-asl/1.8.5/jackson-mapper-asl-1.8.5.jar:/home/seb/.m2/repository/colt/colt/1.2.0/colt-1.2.0.jar:/home/seb/.m2/repository/concurrent/concurrent/1.3.4/concurrent-1.3.4.jar:/home/seb/development/java/workspace/slib/slib-utils/target/slib-utils-0.0.2.jar:"/>
    <property name="java.vm.specification.version" value="1.0"/>
    <property name="sun.arch.data.model" value="64"/>
    <property name="java.home" value="/usr/lib/jvm/jdk1.6.0_32/jre"/>
    <property name="sun.java.command" value="/home/seb/development/java/workspace/slib/sglib/sglib-test/target/surefire/surefirebooter147461392341428123.jar /home/seb/development/java/workspace/slib/sglib/sglib-test/target/surefire/surefire2457962310723763814tmp /home/seb/development/java/workspace/slib/sglib/sglib-test/target/surefire/surefire989862604333464134tmp"/>
    <property name="java.specification.vendor" value="Sun Microsystems Inc."/>
    <property name="user.language" value="en"/>
    <property name="java.vm.info" value="mixed mode"/>
    <property name="java.version" value="1.6.0_32"/>
    <property name="java.ext.dirs" value="/usr/lib/jvm/jdk1.6.0_32/jre/lib/ext:/usr/java/packages/lib/ext"/>
    <property name="sun.boot.class.path" value="/usr/lib/jvm/jdk1.6.0_32/jre/lib/resources.jar:/usr/lib/jvm/jdk1.6.0_32/jre/lib/rt.jar:/usr/lib/jvm/jdk1.6.0_32/jre/lib/sunrsasign.jar:/usr/lib/jvm/jdk1.6.0_32/jre/lib/jsse.jar:/usr/lib/jvm/jdk1.6.0_32/jre/lib/jce.jar:/usr/lib/jvm/jdk1.6.0_32/jre/lib/charsets.jar:/usr/lib/jvm/jdk1.6.0_32/jre/lib/modules/jdk.boot.jar:/usr/lib/jvm/jdk1.6.0_32/jre/classes"/>
    <property name="java.vendor" value="Sun Microsystems Inc."/>
    <property name="localRepository" value="/home/seb/.m2/repository"/>
    <property name="file.separator" value="/"/>
    <property name="java.vendor.url.bug" value="http://java.sun.com/cgi-bin/bugreport.cgi"/>
    <property name="sun.cpu.endian" value="little"/>
    <property name="sun.io.unicode.encoding" value="UnicodeLittle"/>
    <property name="sun.desktop" value="gnome"/>
    <property name="sun.cpu.isalist" value=""/>
  </properties>
  <testcase time="0.009" classname="slib.sgli.test.algo.graph.reduction.dag.Test_GraphReduction_Transitive" name="transitiveReductionToyGraph"/>
  <testcase time="3.412" classname="slib.sgli.test.algo.graph.reduction.dag.Test_GraphReduction_Transitive" name="transitiveReductionGO"/>
</testsuite>